<?xml version="1.0" encoding="UTF-8"?>
<testng-results ignored="0" total="3" passed="3" failed="0" skipped="0">
  <reporter-output>
  </reporter-output>
  <suite started-at="2024-03-16T16:27:56 EDT" name="Suite" finished-at="2024-03-16T16:28:03 EDT" duration-ms="7511">
    <groups>
    </groups>
    <test started-at="2024-03-16T16:27:56 EDT" name="Testng" finished-at="2024-03-16T16:28:03 EDT" duration-ms="7511">
      <class name="Test.SampleTest">
        <test-method is-config="true" signature="beforeMethod()[pri:0, instance:Test.SampleTest@45099dd3]" started-at="2024-03-16T16:27:56 EDT" name="beforeMethod" finished-at="2024-03-16T16:27:59 EDT" duration-ms="2949" status="PASS">
          <reporter-output>
          </reporter-output>
        </test-method> <!-- beforeMethod -->
        <test-method signature="testcase1()[pri:0, instance:Test.SampleTest@45099dd3]" started-at="2024-03-16T16:27:59 EDT" name="testcase1" finished-at="2024-03-16T16:27:59 EDT" duration-ms="8" status="PASS">
          <reporter-output>
          </reporter-output>
        </test-method> <!-- testcase1 -->
        <test-method is-config="true" signature="afterMethod()[pri:0, instance:Test.SampleTest@45099dd3]" started-at="2024-03-16T16:27:59 EDT" name="afterMethod" finished-at="2024-03-16T16:27:59 EDT" duration-ms="133" status="PASS">
          <reporter-output>
          </reporter-output>
        </test-method> <!-- afterMethod -->
        <test-method is-config="true" signature="beforeMethod()[pri:0, instance:Test.SampleTest@45099dd3]" started-at="2024-03-16T16:27:59 EDT" name="beforeMethod" finished-at="2024-03-16T16:28:01 EDT" duration-ms="2131" status="PASS">
          <reporter-output>
          </reporter-output>
        </test-method> <!-- beforeMethod -->
        <test-method signature="testcase2()[pri:0, instance:Test.SampleTest@45099dd3]" started-at="2024-03-16T16:28:01 EDT" name="testcase2" finished-at="2024-03-16T16:28:01 EDT" duration-ms="2" status="PASS">
          <reporter-output>
          </reporter-output>
        </test-method> <!-- testcase2 -->
        <test-method is-config="true" signature="afterMethod()[pri:0, instance:Test.SampleTest@45099dd3]" started-at="2024-03-16T16:28:01 EDT" name="afterMethod" finished-at="2024-03-16T16:28:01 EDT" duration-ms="149" status="PASS">
          <reporter-output>
          </reporter-output>
        </test-method> <!-- afterMethod -->
        <test-method is-config="true" signature="beforeMethod()[pri:0, instance:Test.SampleTest@45099dd3]" started-at="2024-03-16T16:28:01 EDT" name="beforeMethod" finished-at="2024-03-16T16:28:03 EDT" duration-ms="1937" status="PASS">
          <reporter-output>
          </reporter-output>
        </test-method> <!-- beforeMethod -->
        <test-method signature="testcase3()[pri:0, instance:Test.SampleTest@45099dd3]" started-at="2024-03-16T16:28:03 EDT" name="testcase3" finished-at="2024-03-16T16:28:03 EDT" duration-ms="1" status="PASS">
          <reporter-output>
          </reporter-output>
        </test-method> <!-- testcase3 -->
        <test-method is-config="true" signature="afterMethod()[pri:0, instance:Test.SampleTest@45099dd3]" started-at="2024-03-16T16:28:03 EDT" name="afterMethod" finished-at="2024-03-16T16:28:03 EDT" duration-ms="143" status="PASS">
          <reporter-output>
          </reporter-output>
        </test-method> <!-- afterMethod -->
      </class> <!-- Test.SampleTest -->
    </test> <!-- Testng -->
  </suite> <!-- Suite -->
</testng-results>
